Determining if the pthread_create exist failed with the following output:
Change Dir: /home/will/code/vslam/项目代码/18.地图构建mapping-RGBD稠密重建-dense_RGBD/build/CMakeFiles/CMakeTmp

Run Build Command:"/usr/bin/make" "cmTC_e6791/fast"
/usr/bin/make -f CMakeFiles/cmTC_e6791.dir/build.make CMakeFiles/cmTC_e6791.dir/build
make[1]: Entering directory '/home/will/code/vslam/项目代码/18.地图构建mapping-RGBD稠密重建-dense_RGBD/build/CMakeFiles/CMakeTmp'
Building C object CMakeFiles/cmTC_e6791.dir/CheckSymbolExists.c.o
/usr/bin/cc     -o CMakeFiles/cmTC_e6791.dir/CheckSymbolExists.c.o   -c /home/will/code/vslam/项目代码/18.地图构建mapping-RGBD稠密重建-dense_RGBD/build/CMakeFiles/CMakeTmp/CheckSymbolExists.c
Linking C executable cmTC_e6791
/usr/bin/cmake -E cmake_link_script CMakeFiles/cmTC_e6791.dir/link.txt --verbose=1
/usr/bin/cc       CMakeFiles/cmTC_e6791.dir/CheckSymbolExists.c.o  -o cmTC_e6791 -rdynamic 
CMakeFiles/cmTC_e6791.dir/CheckSymbolExists.c.o: In function `main':
CheckSymbolExists.c:(.text+0x16): undefined reference to `pthread_create'
collect2: error: ld returned 1 exit status
CMakeFiles/cmTC_e6791.dir/build.make:97: recipe for target 'cmTC_e6791' failed
make[1]: *** [cmTC_e6791] Error 1
make[1]: Leaving directory '/home/will/code/vslam/项目代码/18.地图构建mapping-RGBD稠密重建-dense_RGBD/build/CMakeFiles/CMakeTmp'
Makefile:126: recipe for target 'cmTC_e6791/fast' failed
make: *** [cmTC_e6791/fast] Error 2

File /home/will/code/vslam/项目代码/18.地图构建mapping-RGBD稠密重建-dense_RGBD/build/CMakeFiles/CMakeTmp/CheckSymbolExists.c:
/* */
#include <pthread.h>

int main(int argc, char** argv)
{
  (void)argv;
#ifndef pthread_create
  return ((int*)(&pthread_create))[argc];
#else
  (void)argc;
  return 0;
#endif
}

Determining if the function pthread_create exists in the pthreads failed with the following output:
Change Dir: /home/will/code/vslam/项目代码/18.地图构建mapping-RGBD稠密重建-dense_RGBD/build/CMakeFiles/CMakeTmp

Run Build Command:"/usr/bin/make" "cmTC_e46f0/fast"
/usr/bin/make -f CMakeFiles/cmTC_e46f0.dir/build.make CMakeFiles/cmTC_e46f0.dir/build
make[1]: Entering directory '/home/will/code/vslam/项目代码/18.地图构建mapping-RGBD稠密重建-dense_RGBD/build/CMakeFiles/CMakeTmp'
Building C object CMakeFiles/cmTC_e46f0.dir/CheckFunctionExists.c.o
/usr/bin/cc    -DCHECK_FUNCTION_EXISTS=pthread_create   -o CMakeFiles/cmTC_e46f0.dir/CheckFunctionExists.c.o   -c /usr/share/cmake-3.5/Modules/CheckFunctionExists.c
Linking C executable cmTC_e46f0
/usr/bin/cmake -E cmake_link_script CMakeFiles/cmTC_e46f0.dir/link.txt --verbose=1
/usr/bin/cc   -DCHECK_FUNCTION_EXISTS=pthread_create    CMakeFiles/cmTC_e46f0.dir/CheckFunctionExists.c.o  -o cmTC_e46f0 -rdynamic -lpthreads 
/usr/bin/ld: cannot find -lpthreads
collect2: error: ld returned 1 exit status
CMakeFiles/cmTC_e46f0.dir/build.make:97: recipe for target 'cmTC_e46f0' failed
make[1]: *** [cmTC_e46f0] Error 1
make[1]: Leaving directory '/home/will/code/vslam/项目代码/18.地图构建mapping-RGBD稠密重建-dense_RGBD/build/CMakeFiles/CMakeTmp'
Makefile:126: recipe for target 'cmTC_e46f0/fast' failed
make: *** [cmTC_e46f0/fast] Error 2


